<?xml version="1.0" encoding="UTF-8"?>
<!-- Generated by org.testng.reporters.JUnitReportReporter -->
<testsuite hostname="Navin" failures="0" tests="3" name="TestNGDemo.TestNGDemo" time="0.028" errors="0" timestamp="2025-07-24T22:29:21 IST" skipped="0">
  <testcase classname="TestNGDemo.TestNGDemo" name="TC1" time="0.025"/>
  <testcase classname="TestNGDemo.TestNGDemo" name="TC2" time="0.002"/>
  <testcase classname="TestNGDemo.TestNGDemo" name="TC3" time="0.001"/>
</testsuite> <!-- TestNGDemo.TestNGDemo -->
