<?xml version="1.0" encoding="UTF-8"?>
<!-- Generated by org.testng.reporters.JUnitReportReporter -->
<testsuite hostname="Navin" failures="0" tests="3" name="TestNGDemo.TestNGHierarchyDemo" time="0.004" errors="0" timestamp="2025-07-24T22:29:21 IST" skipped="0">
  <testcase classname="TestNGDemo.TestNGHierarchyDemo" name="TC1" time="0.000"/>
  <testcase classname="TestNGDemo.TestNGHierarchyDemo" name="TC3" time="0.003"/>
  <testcase classname="TestNGDemo.TestNGHierarchyDemo" name="TC2" time="0.001"/>
</testsuite> <!-- TestNGDemo.TestNGHierarchyDemo -->
